d:\codes\p9\.lib.release\sdk.pdb
d:\codes\p9\.out\sdk\release\thread.obj
d:\codes\p9\.out\sdk\release\print.obj
d:\codes\p9\.out\sdk\release\network.obj
d:\codes\p9\.out\sdk\release\memory.obj
d:\codes\p9\.out\sdk\release\math.obj
d:\codes\p9\.out\sdk\release\lock.obj
d:\codes\p9\.out\sdk\release\file.obj
d:\codes\p9\.out\sdk\release\event.obj
d:\codes\p9\.out\sdk\release\directory.obj
d:\codes\p9\.out\sdk\release\date.obj
d:\codes\p9\.out\sdk\release\basic.obj
d:\codes\p9\.out\sdk\release\atom.obj
d:\codes\p9\.lib.release\sdk.lib
d:\codes\p9\sdk\..\.lib.release\sdk.pdb
d:\codes\p9\sdk\..\.out\sdk\release\sdk.vcxproj.filelistabsolute.txt
d:\codes\p9\.out\sdk\release\sdk.tlog\cl.command.1.tlog
d:\codes\p9\.out\sdk\release\sdk.tlog\cl.read.1.tlog
d:\codes\p9\.out\sdk\release\sdk.tlog\cl.write.1.tlog
d:\codes\p9\.out\sdk\release\sdk.tlog\lib-link.read.1.tlog
d:\codes\p9\.out\sdk\release\sdk.tlog\lib-link.write.1.tlog
d:\codes\p9\.out\sdk\release\sdk.tlog\lib.command.1.tlog
